<?xml version="1.0" encoding="UTF-8"?>
<testng-results skipped="0" failed="0" ignored="0" total="1" passed="1">
  <reporter-output>
  </reporter-output>
  <suite name="Default suite" duration-ms="26369" started-at="2024-06-08T18:59:35 IST" finished-at="2024-06-08T19:00:01 IST">
    <groups>
    </groups>
    <test name="Default test" duration-ms="26369" started-at="2024-06-08T18:59:35 IST" finished-at="2024-06-08T19:00:01 IST">
      <class name="scripts.Script05">
        <test-method status="PASS" signature="beforeSuite()[pri:0, instance:scripts.Script05@1990a65e]" name="beforeSuite" is-config="true" duration-ms="520" started-at="2024-06-08T18:59:34 IST" finished-at="2024-06-08T18:59:35 IST">
          <reporter-output>
          </reporter-output>
        </test-method> <!-- beforeSuite -->
        <test-method status="PASS" signature="beforeClass(java.lang.String)[pri:0, instance:scripts.Script05@1990a65e]" name="beforeClass" is-config="true" duration-ms="13607" started-at="2024-06-08T18:59:35 IST" finished-at="2024-06-08T18:59:48 IST">
          <params>
            <param index="0">
              <value>
                <![CDATA[Chrome]]>
              </value>
            </param>
          </params>
          <reporter-output>
          </reporter-output>
        </test-method> <!-- beforeClass -->
        <test-method status="PASS" signature="beforeMethod(java.lang.reflect.Method)[pri:0, instance:scripts.Script05@1990a65e]" name="beforeMethod" is-config="true" duration-ms="3123" started-at="2024-06-08T18:59:48 IST" finished-at="2024-06-08T18:59:52 IST">
          <params>
            <param index="0">
              <value>
                <![CDATA[public void scripts.Script05.scrollDown() throws java.lang.InterruptedException]]>
              </value>
            </param>
          </params>
          <reporter-output>
          </reporter-output>
        </test-method> <!-- beforeMethod -->
        <test-method status="PASS" signature="scrollDown()[pri:0, instance:scripts.Script05@1990a65e]" name="scrollDown" duration-ms="8064" started-at="2024-06-08T18:59:52 IST" finished-at="2024-06-08T19:00:00 IST">
          <reporter-output>
          </reporter-output>
        </test-method> <!-- scrollDown -->
        <test-method status="PASS" signature="afterMethod()[pri:0, instance:scripts.Script05@1990a65e]" name="afterMethod" is-config="true" duration-ms="988" started-at="2024-06-08T19:00:00 IST" finished-at="2024-06-08T19:00:01 IST">
          <reporter-output>
          </reporter-output>
        </test-method> <!-- afterMethod -->
        <test-method status="PASS" signature="afterClass()[pri:0, instance:scripts.Script05@1990a65e]" name="afterClass" is-config="true" duration-ms="527" started-at="2024-06-08T19:00:01 IST" finished-at="2024-06-08T19:00:01 IST">
          <reporter-output>
          </reporter-output>
        </test-method> <!-- afterClass -->
        <test-method status="PASS" signature="afterSuite()[pri:0, instance:scripts.Script05@1990a65e]" name="afterSuite" is-config="true" duration-ms="695" started-at="2024-06-08T19:00:01 IST" finished-at="2024-06-08T19:00:02 IST">
          <reporter-output>
          </reporter-output>
        </test-method> <!-- afterSuite -->
      </class> <!-- scripts.Script05 -->
    </test> <!-- Default test -->
  </suite> <!-- Default suite -->
</testng-results>
